<?xml version="1.0" encoding="utf-8"?><testsuites><testsuite name="pytest" errors="0" failures="0" skipped="0" tests="6" time="0.048" timestamp="2022-07-14T17:30:21.057977" hostname="FlyFins-MacBook-Pro.local"><testcase classname="apps.tests.test_program.TestProgram_0" name="test_add" time="0.001" /><testcase classname="apps.tests.test_program.TestProgram_0" name="test_sub" time="0.000" /><testcase classname="apps.tests.test_program.TestProgram_1" name="test_add" time="0.000" /><testcase classname="apps.tests.test_program.TestProgram_1" name="test_sub" time="0.000" /><testcase classname="apps.tests.test_program.TestProgram_2" name="test_add" time="0.000" /><testcase classname="apps.tests.test_program.TestProgram_2" name="test_sub" time="0.000" /></testsuite></testsuites>