<?xml version="1.0" encoding="utf-8"?><testsuites><testsuite name="pytest" errors="1" failures="0" skipped="0" tests="1" time="0.176" timestamp="2022-07-18T13:31:16.015154" hostname="fv-az154-343"><testcase classname="" name="apps.tests.test_program" time="0.000"><error message="collection failure">ImportError while importing test module '/home/runner/work/coverrage_badge/coverrage_badge/apps/tests/test_program.py'.
Hint: make sure your test modules/packages have valid Python names.
Traceback:
/usr/lib/python3.8/importlib/__init__.py:127: in import_module
    return _bootstrap._gcd_import(name[level:], package, level)
apps/tests/test_program.py:4: in &lt;module&gt;
    import mock
E   ModuleNotFoundError: No module named 'mock'</error></testcase></testsuite></testsuites>